<?xml version="1.0" encoding="UTF-8" ?>
<testsuite tests="18" failures="1" name="eler.each.usp.RecipeTest" time="0.065" errors="3" skipped="0">
  <properties>
[...]
</properties>
  <testcase classname="eler.each.usp.RecipeTest" name="testInvalidName" time="0"/>
  <testcase classname="eler.each.usp.RecipeTest" name="testValid" time="0"/>
  <testcase classname="eler.each.usp.RecipeTest" name="testInvalidNameWithOnlySpaces" time="0">
    <failure message="Expected each.usp.ach2006.adaptedfromcsc326.eler.exceptions.InvalidValueException to be thrown, but nothing was thrown." type="org.opentest4j.AssertionFailedError">org.opentest4j.AssertionFailedError: Expected each.usp.ach2006.adaptedfromcsc326.eler.exceptions.InvalidValueException to be thrown, but nothing was thrown.
	at org.junit.jupiter.api.AssertThrows.assertThrows(AssertThrows.java:71)
	at org.junit.jupiter.api.AssertThrows.assertThrows(AssertThrows.java:37)
	at org.junit.jupiter.api.Assertions.assertThrows(Assertions.java:2920)
	at eler.each.usp.RecipeTest.testInvalidNameWithOnlySpaces(RecipeTest.java:73)
	at sun.reflect.NativeMethodAccessorImpl.invoke0(Native Method)
	at sun.reflect.NativeMethodAccessorImpl.invoke(NativeMethodAccessorImpl.java:62)
	at sun.reflect.DelegatingMethodAccessorImpl.invoke(DelegatingMethodAccessorImpl.java:43)
	at java.lang.reflect.Method.invoke(Method.java:498)
	at junit.framework.TestCase.runTest(TestCase.java:168)
	at junit.framework.TestCase.runBare(TestCase.java:134)
	at junit.framework.TestResult$1.protect(TestResult.java:110)
	at junit.framework.TestResult.runProtected(TestResult.java:128)
	at junit.framework.TestResult.run(TestResult.java:113)
	at junit.framework.TestCase.run(TestCase.java:124)
	at junit.framework.TestSuite.runTest(TestSuite.java:232)
	at junit.framework.TestSuite.run(TestSuite.java:227)
	at org.junit.internal.runners.JUnit38ClassRunner.run(JUnit38ClassRunner.java:83)
	at org.apache.maven.surefire.junit4.JUnit4TestSet.execute(JUnit4TestSet.java:53)
	at org.apache.maven.surefire.junit4.JUnit4Provider.executeTestSet(JUnit4Provider.java:123)
	at org.apache.maven.surefire.junit4.JUnit4Provider.invoke(JUnit4Provider.java:104)
	at sun.reflect.NativeMethodAccessorImpl.invoke0(Native Method)
	at sun.reflect.NativeMethodAccessorImpl.invoke(NativeMethodAccessorImpl.java:62)
	at sun.reflect.DelegatingMethodAccessorImpl.invoke(DelegatingMethodAccessorImpl.java:43)
	at java.lang.reflect.Method.invoke(Method.java:498)
	at org.apache.maven.surefire.util.ReflectionUtils.invokeMethodWithArray(ReflectionUtils.java:164)
	at org.apache.maven.surefire.booter.ProviderFactory$ProviderProxy.invoke(ProviderFactory.java:110)
	at org.apache.maven.surefire.booter.SurefireStarter.invokeProvider(SurefireStarter.java:175)
	at org.apache.maven.surefire.booter.SurefireStarter.runSuitesInProcessWhenForked(SurefireStarter.java:107)
	at org.apache.maven.surefire.booter.ForkedBooter.main(ForkedBooter.java:68)
</failure>
  </testcase>
  <testcase classname="eler.each.usp.RecipeTest" name="testInvalidNegativePrice" time="0.004"/>
  <testcase classname="eler.each.usp.RecipeTest" name="testValidRecipeCofee" time="0.002"/>
  <testcase classname="eler.each.usp.RecipeTest" name="testNegativeAmountCoffee" time="0.004"/>
  <testcase classname="eler.each.usp.RecipeTest" name="testValidRecipeChocolate" time="0.002"/>
  <testcase classname="eler.each.usp.RecipeTest" name="testNegativeAmountChocolate" time="0.004"/>
  <testcase classname="eler.each.usp.RecipeTest" name="testValidRecipeSugar" time="0.002"/>
  <testcase classname="eler.each.usp.RecipeTest" name="testNegativeAmountSugar" time="0.004"/>
  <testcase classname="eler.each.usp.RecipeTest" name="testValidRecipeMilk" time="0.003"/>
  <testcase classname="eler.each.usp.RecipeTest" name="testNegativeAmountMilk" time="0.005"/>
  <testcase classname="eler.each.usp.RecipeTest" name="testAllRecipeValid" time="0.008"/>
  <testcase classname="eler.each.usp.RecipeTest" name="testAllRecipeOnlySugar" time="0.003"/>
  <testcase classname="eler.each.usp.RecipeTest" name="testAllRecipeOnlyChocolate" time="0.004">
    <error message="Units of sugar must be a positive integer" type="each.usp.ach2006.adaptedfromcsc326.eler.exceptions.InvalidValueException">each.usp.ach2006.adaptedfromcsc326.eler.exceptions.InvalidValueException: Units of sugar must be a positive integer
	at each.usp.ach2006.adaptedfromcsc326.eler.Recipe.setAmtSugar(Recipe.java:94)
	at each.usp.ach2006.adaptedfromcsc326.eler.Recipe.&lt;init&gt;(Recipe.java:27)
	at sun.reflect.GeneratedConstructorAccessor3.newInstance(Unknown Source)
	at sun.reflect.DelegatingConstructorAccessorImpl.newInstance(DelegatingConstructorAccessorImpl.java:45)
	at java.lang.reflect.Constructor.newInstance(Constructor.java:423)
	at net.vidageek.mirror.provider.java.PureJavaConstructorReflectionProvider.instantiate(PureJavaConstructorReflectionProvider.java:34)
	at net.vidageek.mirror.invoke.ConstructorHandlerByConstructor.withArgs(ConstructorHandlerByConstructor.java:47)
	at net.vidageek.mirror.invoke.ConstructorHandlerByArgs.withArgs(ConstructorHandlerByArgs.java:37)
	at br.com.six2six.fixturefactory.util.ReflectionUtils.newInstance(ReflectionUtils.java:110)
	at br.com.six2six.fixturefactory.ObjectFactory.createObject(ObjectFactory.java:113)
	at br.com.six2six.fixturefactory.ObjectFactory.gimme(ObjectFactory.java:62)
	at eler.each.usp.RecipeTest.gimmeRecipe(RecipeTest.java:160)
	at eler.each.usp.RecipeTest.testAllRecipeOnlyChocolate(RecipeTest.java:133)
	at sun.reflect.NativeMethodAccessorImpl.invoke0(Native Method)
	at sun.reflect.NativeMethodAccessorImpl.invoke(NativeMethodAccessorImpl.java:62)
	at sun.reflect.DelegatingMethodAccessorImpl.invoke(DelegatingMethodAccessorImpl.java:43)
	at java.lang.reflect.Method.invoke(Method.java:498)
	at junit.framework.TestCase.runTest(TestCase.java:168)
	at junit.framework.TestCase.runBare(TestCase.java:134)
	at junit.framework.TestResult$1.protect(TestResult.java:110)
	at junit.framework.TestResult.runProtected(TestResult.java:128)
	at junit.framework.TestResult.run(TestResult.java:113)
	at junit.framework.TestCase.run(TestCase.java:124)
	at junit.framework.TestSuite.runTest(TestSuite.java:232)
	at junit.framework.TestSuite.run(TestSuite.java:227)
	at org.junit.internal.runners.JUnit38ClassRunner.run(JUnit38ClassRunner.java:83)
	at org.apache.maven.surefire.junit4.JUnit4TestSet.execute(JUnit4TestSet.java:53)
	at org.apache.maven.surefire.junit4.JUnit4Provider.executeTestSet(JUnit4Provider.java:123)
	at org.apache.maven.surefire.junit4.JUnit4Provider.invoke(JUnit4Provider.java:104)
	at sun.reflect.NativeMethodAccessorImpl.invoke0(Native Method)
	at sun.reflect.NativeMethodAccessorImpl.invoke(NativeMethodAccessorImpl.java:62)
	at sun.reflect.DelegatingMethodAccessorImpl.invoke(DelegatingMethodAccessorImpl.java:43)
	at java.lang.reflect.Method.invoke(Method.java:498)
	at org.apache.maven.surefire.util.ReflectionUtils.invokeMethodWithArray(ReflectionUtils.java:164)
	at org.apache.maven.surefire.booter.ProviderFactory$ProviderProxy.invoke(ProviderFactory.java:110)
	at org.apache.maven.surefire.booter.SurefireStarter.invokeProvider(SurefireStarter.java:175)
	at org.apache.maven.surefire.booter.SurefireStarter.runSuitesInProcessWhenForked(SurefireStarter.java:107)
	at org.apache.maven.surefire.booter.ForkedBooter.main(ForkedBooter.java:68)
</error>
  </testcase>
  <testcase classname="eler.each.usp.RecipeTest" name="testAllRecipeOnlyCoffee" time="0.005">
    <error message="Units of sugar must be a positive integer" type="each.usp.ach2006.adaptedfromcsc326.eler.exceptions.InvalidValueException">each.usp.ach2006.adaptedfromcsc326.eler.exceptions.InvalidValueException: Units of sugar must be a positive integer
	at each.usp.ach2006.adaptedfromcsc326.eler.Recipe.setAmtSugar(Recipe.java:94)
	at each.usp.ach2006.adaptedfromcsc326.eler.Recipe.&lt;init&gt;(Recipe.java:27)
	at sun.reflect.GeneratedConstructorAccessor3.newInstance(Unknown Source)
	at sun.reflect.DelegatingConstructorAccessorImpl.newInstance(DelegatingConstructorAccessorImpl.java:45)
	at java.lang.reflect.Constructor.newInstance(Constructor.java:423)
	at net.vidageek.mirror.provider.java.PureJavaConstructorReflectionProvider.instantiate(PureJavaConstructorReflectionProvider.java:34)
	at net.vidageek.mirror.invoke.ConstructorHandlerByConstructor.withArgs(ConstructorHandlerByConstructor.java:47)
	at net.vidageek.mirror.invoke.ConstructorHandlerByArgs.withArgs(ConstructorHandlerByArgs.java:37)
	at br.com.six2six.fixturefactory.util.ReflectionUtils.newInstance(ReflectionUtils.java:110)
	at br.com.six2six.fixturefactory.ObjectFactory.createObject(ObjectFactory.java:113)
	at br.com.six2six.fixturefactory.ObjectFactory.gimme(ObjectFactory.java:62)
	at eler.each.usp.RecipeTest.gimmeRecipe(RecipeTest.java:160)
	at eler.each.usp.RecipeTest.testAllRecipeOnlyCoffee(RecipeTest.java:139)
	at sun.reflect.NativeMethodAccessorImpl.invoke0(Native Method)
	at sun.reflect.NativeMethodAccessorImpl.invoke(NativeMethodAccessorImpl.java:62)
	at sun.reflect.DelegatingMethodAccessorImpl.invoke(DelegatingMethodAccessorImpl.java:43)
	at java.lang.reflect.Method.invoke(Method.java:498)
	at junit.framework.TestCase.runTest(TestCase.java:168)
	at junit.framework.TestCase.runBare(TestCase.java:134)
	at junit.framework.TestResult$1.protect(TestResult.java:110)
	at junit.framework.TestResult.runProtected(TestResult.java:128)
	at junit.framework.TestResult.run(TestResult.java:113)
	at junit.framework.TestCase.run(TestCase.java:124)
	at junit.framework.TestSuite.runTest(TestSuite.java:232)
	at junit.framework.TestSuite.run(TestSuite.java:227)
	at org.junit.internal.runners.JUnit38ClassRunner.run(JUnit38ClassRunner.java:83)
	at org.apache.maven.surefire.junit4.JUnit4TestSet.execute(JUnit4TestSet.java:53)
	at org.apache.maven.surefire.junit4.JUnit4Provider.executeTestSet(JUnit4Provider.java:123)
	at org.apache.maven.surefire.junit4.JUnit4Provider.invoke(JUnit4Provider.java:104)
	at sun.reflect.NativeMethodAccessorImpl.invoke0(Native Method)
	at sun.reflect.NativeMethodAccessorImpl.invoke(NativeMethodAccessorImpl.java:62)
	at sun.reflect.DelegatingMethodAccessorImpl.invoke(DelegatingMethodAccessorImpl.java:43)
	at java.lang.reflect.Method.invoke(Method.java:498)
	at org.apache.maven.surefire.util.ReflectionUtils.invokeMethodWithArray(ReflectionUtils.java:164)
	at org.apache.maven.surefire.booter.ProviderFactory$ProviderProxy.invoke(ProviderFactory.java:110)
	at org.apache.maven.surefire.booter.SurefireStarter.invokeProvider(SurefireStarter.java:175)
	at org.apache.maven.surefire.booter.SurefireStarter.runSuitesInProcessWhenForked(SurefireStarter.java:107)
	at org.apache.maven.surefire.booter.ForkedBooter.main(ForkedBooter.java:68)
</error>
  </testcase>
  <testcase classname="eler.each.usp.RecipeTest" name="testAllRecipeOnlyMilk" time="0.003">
    <error message="Units of sugar must be a positive integer" type="each.usp.ach2006.adaptedfromcsc326.eler.exceptions.InvalidValueException">each.usp.ach2006.adaptedfromcsc326.eler.exceptions.InvalidValueException: Units of sugar must be a positive integer
	at each.usp.ach2006.adaptedfromcsc326.eler.Recipe.setAmtSugar(Recipe.java:94)
	at each.usp.ach2006.adaptedfromcsc326.eler.Recipe.&lt;init&gt;(Recipe.java:27)
	at sun.reflect.GeneratedConstructorAccessor3.newInstance(Unknown Source)
	at sun.reflect.DelegatingConstructorAccessorImpl.newInstance(DelegatingConstructorAccessorImpl.java:45)
	at java.lang.reflect.Constructor.newInstance(Constructor.java:423)
	at net.vidageek.mirror.provider.java.PureJavaConstructorReflectionProvider.instantiate(PureJavaConstructorReflectionProvider.java:34)
	at net.vidageek.mirror.invoke.ConstructorHandlerByConstructor.withArgs(ConstructorHandlerByConstructor.java:47)
	at net.vidageek.mirror.invoke.ConstructorHandlerByArgs.withArgs(ConstructorHandlerByArgs.java:37)
	at br.com.six2six.fixturefactory.util.ReflectionUtils.newInstance(ReflectionUtils.java:110)
	at br.com.six2six.fixturefactory.ObjectFactory.createObject(ObjectFactory.java:113)
	at br.com.six2six.fixturefactory.ObjectFactory.gimme(ObjectFactory.java:62)
	at eler.each.usp.RecipeTest.gimmeRecipe(RecipeTest.java:160)
	at eler.each.usp.RecipeTest.testAllRecipeOnlyMilk(RecipeTest.java:144)
	at sun.reflect.NativeMethodAccessorImpl.invoke0(Native Method)
	at sun.reflect.NativeMethodAccessorImpl.invoke(NativeMethodAccessorImpl.java:62)
	at sun.reflect.DelegatingMethodAccessorImpl.invoke(DelegatingMethodAccessorImpl.java:43)
	at java.lang.reflect.Method.invoke(Method.java:498)
	at junit.framework.TestCase.runTest(TestCase.java:168)
	at junit.framework.TestCase.runBare(TestCase.java:134)
	at junit.framework.TestResult$1.protect(TestResult.java:110)
	at junit.framework.TestResult.runProtected(TestResult.java:128)
	at junit.framework.TestResult.run(TestResult.java:113)
	at junit.framework.TestCase.run(TestCase.java:124)
	at junit.framework.TestSuite.runTest(TestSuite.java:232)
	at junit.framework.TestSuite.run(TestSuite.java:227)
	at org.junit.internal.runners.JUnit38ClassRunner.run(JUnit38ClassRunner.java:83)
	at org.apache.maven.surefire.junit4.JUnit4TestSet.execute(JUnit4TestSet.java:53)
	at org.apache.maven.surefire.junit4.JUnit4Provider.executeTestSet(JUnit4Provider.java:123)
	at org.apache.maven.surefire.junit4.JUnit4Provider.invoke(JUnit4Provider.java:104)
	at sun.reflect.NativeMethodAccessorImpl.invoke0(Native Method)
	at sun.reflect.NativeMethodAccessorImpl.invoke(NativeMethodAccessorImpl.java:62)
	at sun.reflect.DelegatingMethodAccessorImpl.invoke(DelegatingMethodAccessorImpl.java:43)
	at java.lang.reflect.Method.invoke(Method.java:498)
	at org.apache.maven.surefire.util.ReflectionUtils.invokeMethodWithArray(ReflectionUtils.java:164)
	at org.apache.maven.surefire.booter.ProviderFactory$ProviderProxy.invoke(ProviderFactory.java:110)
	at org.apache.maven.surefire.booter.SurefireStarter.invokeProvider(SurefireStarter.java:175)
	at org.apache.maven.surefire.booter.SurefireStarter.runSuitesInProcessWhenForked(SurefireStarter.java:107)
	at org.apache.maven.surefire.booter.ForkedBooter.main(ForkedBooter.java:68)
</error>
  </testcase>
  <testcase classname="eler.each.usp.RecipeTest" name="testAllZerosRecipe" time="0.003"/>
</testsuite>